This file contains any messages produced by compilers while
running configure, to aid debugging if configure makes a mistake.

It was created by xbps-gtk configure 0.1, which was
generated by GNU Autoconf 2.72.  Invocation command line was

  $ ./configure

## --------- ##
## Platform. ##
## --------- ##

hostname = swift3x.ha
uname -m = x86_64
uname -r = 6.19.11-200.fc43.x86_64
uname -s = Linux
uname -v = #1 SMP PREEMPT_DYNAMIC Thu Apr  2 16:55:52 UTC 2026

/usr/bin/uname -p = unknown
/bin/uname -X     = unknown

/bin/arch              = x86_64
/usr/bin/arch -k       = unknown
/usr/convex/getsysinfo = unknown
/usr/bin/hostinfo      = unknown
/bin/machine           = unknown
/usr/bin/oslevel       = unknown
/bin/universe          = unknown

PATH: /home/zemi/.npm-global/bin/
PATH: /home/zemi/xbps-git/usr/bin/
PATH: /home/zemi/.npm-global/bin/
PATH: /home/zemi/.local/share/pnpm/
PATH: /home/zemi/miniconda3/condabin/
PATH: /home/zemi/xbps-git/usr/bin/
PATH: /usr/share/Modules/bin/
PATH: /usr/local/bin/
PATH: /usr/bin/
PATH: /usr/local/sbin/
PATH: /usr/sbin/


## ----------- ##
## Core tests. ##
## ----------- ##

configure:2127: looking for aux files: compile missing install-sh
configure:2140:  trying ./
configure:2169:   ./compile found
configure:2169:   ./missing found
configure:2151:   ./install-sh found
configure:2299: checking for a BSD-compatible install
configure:2373: result: /usr/bin/install -c
configure:2384: checking whether sleep supports fractional seconds
configure:2400: result: yes
configure:2403: checking filesystem timestamp resolution
configure:2538: result: 0.01
configure:2543: checking whether build environment is sane
configure:2588: result: yes
configure:2759: checking for a race-free mkdir -p
configure:2802: result: /usr/bin/mkdir -p
configure:2809: checking for gawk
configure:2830: found /usr/bin/gawk
configure:2842: result: gawk
configure:2853: checking whether make sets $(MAKE)
configure:2877: result: yes
configure:2903: checking whether make supports nested variables
configure:2922: result: yes
configure:2936: checking xargs -n works
configure:2952: result: yes
configure:3037: checking whether UID '1000' is supported by ustar format
configure:3043: result: yes
configure:3050: checking whether GID '1000' is supported by ustar format
configure:3056: result: yes
configure:3064: checking how to create a ustar tar archive
configure:3075: tar --version
tar (GNU tar) 1.35
Copyright (C) 2023 Free Software Foundation, Inc.
License GPLv3+: GNU GPL version 3 or later <https://gnu.org/licenses/gpl.html>.
This is free software: you are free to change and redistribute it.
There is NO WARRANTY, to the extent permitted by law.

Written by John Gilmore and Jay Fenlason.
configure:3078: $? = 0
configure:3118: tardir=conftest.dir && eval tar --format=ustar -chf - "$tardir" >conftest.tar
configure:3121: $? = 0
configure:3125: tar -xf - <conftest.tar
configure:3128: $? = 0
configure:3130: cat conftest.dir/file
GrepMe
configure:3133: $? = 0
configure:3148: result: gnutar
configure:3237: checking for gcc
configure:3258: found /usr/bin/gcc
configure:3270: result: gcc
configure:3629: checking for C compiler version
configure:3638: gcc --version >&5
gcc (GCC) 15.2.1 20260123 (Red Hat 15.2.1-7)
Copyright (C) 2025 Free Software Foundation, Inc.
This is free software; see the source for copying conditions.  There is NO
warranty; not even for MERCHANTABILITY or FITNESS FOR A PARTICULAR PURPOSE.

configure:3649: $? = 0
configure:3638: gcc -v >&5
Using built-in specs.
COLLECT_GCC=gcc
COLLECT_LTO_WRAPPER=/usr/libexec/gcc/x86_64-redhat-linux/15/lto-wrapper
OFFLOAD_TARGET_NAMES=nvptx-none:amdgcn-amdhsa
OFFLOAD_TARGET_DEFAULT=1
Target: x86_64-redhat-linux
Configured with: ../configure --enable-bootstrap --enable-languages=c,c++,fortran,objc,obj-c++,ada,go,d,m2,cobol,lto --prefix=/usr --mandir=/usr/share/man --infodir=/usr/share/info --with-bugurl=https://bugzilla.redhat.com/ --enable-shared --enable-threads=posix --enable-checking=release --enable-multilib --with-system-zlib --enable-__cxa_atexit --disable-libunwind-exceptions --enable-gnu-unique-object --enable-linker-build-id --with-gcc-major-version-only --enable-libstdcxx-backtrace --with-libstdcxx-zoneinfo=/usr/share/zoneinfo --with-linker-hash-style=gnu --enable-plugin --enable-initfini-array --with-isl=/builddir/build/BUILD/gcc-15.2.1-build/gcc-15.2.1-20260123/obj-x86_64-redhat-linux/isl-install --enable-offload-targets=nvptx-none,amdgcn-amdhsa --enable-offload-defaulted --without-cuda-driver --enable-gnu-indirect-function --enable-cet --with-tune=generic --with-arch_32=i686 --build=x86_64-redhat-linux --with-build-config=bootstrap-lto --enable-link-serialization=1 --disable-libssp
Thread model: posix
Supported LTO compression algorithms: zlib zstd
gcc version 15.2.1 20260123 (Red Hat 15.2.1-7) (GCC) 
... rest of stderr output deleted ...
configure:3649: $? = 0
configure:3638: gcc -V >&5
gcc: error: unrecognized command-line option '-V'
gcc: fatal error: no input files
compilation terminated.
configure:3649: $? = 1
configure:3638: gcc -qversion >&5
gcc: error: unrecognized command-line option '-qversion'; did you mean '--version'?
gcc: fatal error: no input files
compilation terminated.
configure:3649: $? = 1
configure:3638: gcc -version >&5
gcc: error: unrecognized command-line option '-version'
gcc: fatal error: no input files
compilation terminated.
configure:3649: $? = 1
configure:3669: checking whether the C compiler works
configure:3691: gcc    conftest.c  >&5
configure:3695: $? = 0
configure:3746: result: yes
configure:3750: checking for C compiler default output file name
configure:3752: result: a.out
configure:3758: checking for suffix of executables
configure:3765: gcc -o conftest    conftest.c  >&5
configure:3769: $? = 0
configure:3793: result: 
configure:3817: checking whether we are cross compiling
configure:3825: gcc -o conftest    conftest.c  >&5
configure:3829: $? = 0
configure:3836: ./conftest
configure:3840: $? = 0
configure:3855: result: no
configure:3861: checking for suffix of object files
configure:3884: gcc -c   conftest.c >&5
configure:3888: $? = 0
configure:3912: result: o
configure:3916: checking whether the compiler supports GNU C
configure:3936: gcc -c   conftest.c >&5
configure:3936: $? = 0
configure:3948: result: yes
configure:3959: checking whether gcc accepts -g
configure:3980: gcc -c -g  conftest.c >&5
configure:3980: $? = 0
configure:4027: result: yes
configure:4047: checking for gcc option to enable C11 features
configure:4062: gcc  -c -g -O2  conftest.c >&5
configure:4062: $? = 0
configure:4081: result: none needed
configure:4205: checking whether gcc understands -c and -o together
configure:4228: gcc -c conftest.c -o conftest2.o
configure:4231: $? = 0
configure:4228: gcc -c conftest.c -o conftest2.o
configure:4231: $? = 0
configure:4247: result: yes
configure:4267: checking whether make supports the include directive
configure:4282: make -f confmf.GNU && cat confinc.out
this is the am__doit target
configure:4285: $? = 0
configure:4304: result: yes (GNU style)
configure:4330: checking dependency style of gcc
configure:4443: result: gcc3
configure:4518: checking for pkg-config
configure:4541: found /usr/bin/pkg-config
configure:4554: result: /usr/bin/pkg-config
configure:4579: checking pkg-config is at least version 0.9.0
configure:4582: result: yes
configure:4595: checking for gtk4 >= 4.10.0
configure:4602: $PKG_CONFIG --exists --print-errors "gtk4 >= 4.10.0"
configure:4605: $? = 0
configure:4619: $PKG_CONFIG --exists --print-errors "gtk4 >= 4.10.0"
configure:4622: $? = 0
configure:4680: result: yes
configure:4797: checking that generated files are newer than configure
configure:4803: result: done
configure:4838: creating ./config.status

## ---------------------- ##
## Running config.status. ##
## ---------------------- ##

This file was extended by xbps-gtk config.status 0.1, which was
generated by GNU Autoconf 2.72.  Invocation command line was

  CONFIG_FILES    = 
  CONFIG_HEADERS  = 
  CONFIG_LINKS    = 
  CONFIG_COMMANDS = 
  $ ./config.status 

on swift3x.ha

config.status:849: creating Makefile
config.status:849: creating config.h
config.status:1030: config.h is unchanged
config.status:1078: executing depfiles commands
config.status:1153: cd .       && sed -e '/# am--include-marker/d' Makefile         | make -f - am--depfiles
make: Nothing to be done for 'am--depfiles'.
config.status:1160: $? = 0

## ---------------- ##
## Cache variables. ##
## ---------------- ##

ac_cv_c_compiler_gnu=yes
ac_cv_env_CC_set=
ac_cv_env_CC_value=
ac_cv_env_CFLAGS_set=
ac_cv_env_CFLAGS_value=
ac_cv_env_CPPFLAGS_set=
ac_cv_env_CPPFLAGS_value=
ac_cv_env_GTK_CFLAGS_set=
ac_cv_env_GTK_CFLAGS_value=
ac_cv_env_GTK_LIBS_set=
ac_cv_env_GTK_LIBS_value=
ac_cv_env_LDFLAGS_set=
ac_cv_env_LDFLAGS_value=
ac_cv_env_LIBS_set=
ac_cv_env_LIBS_value=
ac_cv_env_PKG_CONFIG_LIBDIR_set=
ac_cv_env_PKG_CONFIG_LIBDIR_value=
ac_cv_env_PKG_CONFIG_PATH_set=
ac_cv_env_PKG_CONFIG_PATH_value=
ac_cv_env_PKG_CONFIG_set=
ac_cv_env_PKG_CONFIG_value=
ac_cv_env_build_alias_set=
ac_cv_env_build_alias_value=
ac_cv_env_host_alias_set=
ac_cv_env_host_alias_value=
ac_cv_env_target_alias_set=
ac_cv_env_target_alias_value=
ac_cv_objext=o
ac_cv_path_ac_pt_PKG_CONFIG=/usr/bin/pkg-config
ac_cv_path_install='/usr/bin/install -c'
ac_cv_path_mkdir=/usr/bin/mkdir
ac_cv_prog_AWK=gawk
ac_cv_prog_ac_ct_CC=gcc
ac_cv_prog_cc_c11=
ac_cv_prog_cc_g=yes
ac_cv_prog_cc_stdc=
ac_cv_prog_make_make_set=yes
am_cv_CC_dependencies_compiler_type=gcc3
am_cv_filesystem_timestamp_resolution=0.01
am_cv_make_support_nested_variables=yes
am_cv_prog_cc_c_o=yes
am_cv_prog_tar_ustar=gnutar
am_cv_sleep_fractional_seconds=yes
am_cv_xargs_n_works=yes
pkg_cv_GTK_CFLAGS='-I/usr/include/gtk-4.0 -I/usr/include/pango-1.0 -I/usr/include/fribidi -I/usr/include/harfbuzz -I/usr/include/gdk-pixbuf-2.0 -I/usr/include/glycin-2 -I/usr/include/cairo -I/usr/include/libxml2 -I/usr/include/freetype2 -I/usr/include/libpng16 -I/usr/include/pixman-1 -I/usr/include/graphene-1.0 -I/usr/lib64/graphene-1.0/include -mfpmath=sse -msse -msse2 -I/usr/include/glib-2.0 -I/usr/lib64/glib-2.0/include -DWITH_GZFILEOP -I/usr/include/libmount -I/usr/include/blkid -I/usr/include/sysprof-6 -pthread'
pkg_cv_GTK_LIBS='-lgtk-4 -lpangocairo-1.0 -lpango-1.0 -lharfbuzz -lgdk_pixbuf-2.0 -lcairo-gobject -lcairo -lvulkan -lgraphene-1.0 -lgio-2.0 -lgobject-2.0 -lglib-2.0'

## ----------------- ##
## Output variables. ##
## ----------------- ##

ACLOCAL='${SHELL} '\''/home/zemi/MyDev/xbps-gtk/missing'\'' aclocal-1.18'
AMDEPBACKSLASH='\'
AMDEP_FALSE='#'
AMDEP_TRUE=''
AMTAR='$${TAR-tar}'
AM_BACKSLASH='\'
AM_DEFAULT_V='$(AM_DEFAULT_VERBOSITY)'
AM_DEFAULT_VERBOSITY='1'
AM_V='$(V)'
AUTOCONF='${SHELL} '\''/home/zemi/MyDev/xbps-gtk/missing'\'' autoconf'
AUTOHEADER='${SHELL} '\''/home/zemi/MyDev/xbps-gtk/missing'\'' autoheader'
AUTOMAKE='${SHELL} '\''/home/zemi/MyDev/xbps-gtk/missing'\'' automake-1.18'
AWK='gawk'
CC='gcc'
CCDEPMODE='depmode=gcc3'
CFLAGS='-g -O2'
CPPFLAGS=''
CSCOPE='cscope'
CTAGS='ctags'
CYGPATH_W='echo'
DEFS='-DHAVE_CONFIG_H'
DEPDIR='.deps'
ECHO_C=''
ECHO_N='-n'
ECHO_T=''
ETAGS='etags'
EXEEXT=''
GTK_CFLAGS='-I/usr/include/gtk-4.0 -I/usr/include/pango-1.0 -I/usr/include/fribidi -I/usr/include/harfbuzz -I/usr/include/gdk-pixbuf-2.0 -I/usr/include/glycin-2 -I/usr/include/cairo -I/usr/include/libxml2 -I/usr/include/freetype2 -I/usr/include/libpng16 -I/usr/include/pixman-1 -I/usr/include/graphene-1.0 -I/usr/lib64/graphene-1.0/include -mfpmath=sse -msse -msse2 -I/usr/include/glib-2.0 -I/usr/lib64/glib-2.0/include -DWITH_GZFILEOP -I/usr/include/libmount -I/usr/include/blkid -I/usr/include/sysprof-6 -pthread'
GTK_LIBS='-lgtk-4 -lpangocairo-1.0 -lpango-1.0 -lharfbuzz -lgdk_pixbuf-2.0 -lcairo-gobject -lcairo -lvulkan -lgraphene-1.0 -lgio-2.0 -lgobject-2.0 -lglib-2.0'
INSTALL_DATA='${INSTALL} -m 644'
INSTALL_PROGRAM='${INSTALL}'
INSTALL_SCRIPT='${INSTALL}'
INSTALL_STRIP_PROGRAM='$(install_sh) -c -s'
LDFLAGS=''
LIBOBJS=''
LIBS=''
LTLIBOBJS=''
MAKEINFO='${SHELL} '\''/home/zemi/MyDev/xbps-gtk/missing'\'' makeinfo'
MKDIR_P='/usr/bin/mkdir -p'
OBJEXT='o'
PACKAGE='xbps-gtk'
PACKAGE_BUGREPORT='xbps@voidlinux.org'
PACKAGE_NAME='xbps-gtk'
PACKAGE_STRING='xbps-gtk 0.1'
PACKAGE_TARNAME='xbps-gtk'
PACKAGE_URL=''
PACKAGE_VERSION='0.1'
PATH_SEPARATOR=':'
PKG_CONFIG='/usr/bin/pkg-config'
PKG_CONFIG_LIBDIR=''
PKG_CONFIG_PATH=''
SET_MAKE=''
SHELL='/bin/sh'
STRIP=''
VERSION='0.1'
ac_ct_CC='gcc'
am__EXEEXT_FALSE=''
am__EXEEXT_TRUE='#'
am__fastdepCC_FALSE='#'
am__fastdepCC_TRUE=''
am__include='include'
am__isrc=''
am__leading_dot='.'
am__nodep='_no'
am__quote=''
am__rm_f_notfound=''
am__tar='tar --format=ustar -chf - "$$tardir"'
am__untar='tar -xf -'
am__xargs_n='xargs -n'
bindir='${exec_prefix}/bin'
build_alias=''
datadir='${datarootdir}'
datarootdir='${prefix}/share'
docdir='${datarootdir}/doc/${PACKAGE_TARNAME}'
dvidir='${docdir}'
exec_prefix='${prefix}'
host_alias=''
htmldir='${docdir}'
includedir='${prefix}/include'
infodir='${datarootdir}/info'
install_sh='${SHELL} /home/zemi/MyDev/xbps-gtk/install-sh'
libdir='${exec_prefix}/lib'
libexecdir='${exec_prefix}/libexec'
localedir='${datarootdir}/locale'
localstatedir='${prefix}/var'
mandir='${datarootdir}/man'
mkdir_p='$(MKDIR_P)'
oldincludedir='/usr/include'
pdfdir='${docdir}'
prefix='/usr/local'
program_transform_name='s,x,x,'
psdir='${docdir}'
runstatedir='${localstatedir}/run'
sbindir='${exec_prefix}/sbin'
sharedstatedir='${prefix}/com'
sysconfdir='${prefix}/etc'
target_alias=''

## ----------- ##
## confdefs.h. ##
## ----------- ##

/* confdefs.h */
#define PACKAGE_NAME "xbps-gtk"
#define PACKAGE_TARNAME "xbps-gtk"
#define PACKAGE_VERSION "0.1"
#define PACKAGE_STRING "xbps-gtk 0.1"
#define PACKAGE_BUGREPORT "xbps@voidlinux.org"
#define PACKAGE_URL ""
#define PACKAGE "xbps-gtk"
#define VERSION "0.1"

configure: exit 0
